[2023-07-20 17:44:34.173]  INFO 11088 --- [  restartedMain] c.e.d.DemoApplication                    : Starting DemoApplication using Java 11.0.19 on 602-17 with PID 11088 (C:\Users\Administrator\Desktop\dev\boot_sources\demo\out\production\classes started by Administrator in C:\Users\Administrator\Desktop\dev\boot_sources\demo)
[2023-07-20 17:44:34.173]  INFO 11088 --- [  restartedMain] c.e.d.DemoApplication                    : Starting DemoApplication using Java 11.0.19 on 602-17 with PID 11088 (C:\Users\Administrator\Desktop\dev\boot_sources\demo\out\production\classes started by Administrator in C:\Users\Administrator\Desktop\dev\boot_sources\demo)
[2023-07-20 17:44:34.190]  INFO 11088 --- [  restartedMain] c.e.d.DemoApplication                    : No active profile set, falling back to 1 default profile: "default"
[2023-07-20 17:44:34.190]  INFO 11088 --- [  restartedMain] c.e.d.DemoApplication                    : No active profile set, falling back to 1 default profile: "default"
[2023-07-20 17:44:34.425]  INFO 11088 --- [  restartedMain] .e.DevToolsPropertyDefaultsPostProcessor : Devtools property defaults active! Set 'spring.devtools.add-properties' to 'false' to disable
[2023-07-20 17:44:34.426]  INFO 11088 --- [  restartedMain] .e.DevToolsPropertyDefaultsPostProcessor : For additional web related logging consider setting the 'logging.level.web' property to 'DEBUG'
[2023-07-20 17:44:35.158]  INFO 11088 --- [  restartedMain] .s.d.r.c.RepositoryConfigurationDelegate : Multiple Spring Data modules found, entering strict repository configuration mode
[2023-07-20 17:44:35.160]  INFO 11088 --- [  restartedMain] .s.d.r.c.RepositoryConfigurationDelegate : Bootstrapping Spring Data JDBC repositories in DEFAULT mode.
[2023-07-20 17:44:35.196]  INFO 11088 --- [  restartedMain] .RepositoryConfigurationExtensionSupport : Spring Data JDBC - Could not safely identify store assignment for repository candidate interface com.example.demo.admin.member.repository.MemberRepository; If you want this repository to be a JDBC repository, consider annotating your entities with one of these annotations: org.springframework.data.relational.core.mapping.Table.
[2023-07-20 17:44:35.197]  INFO 11088 --- [  restartedMain] .s.d.r.c.RepositoryConfigurationDelegate : Finished Spring Data repository scanning in 31 ms. Found 0 JDBC repository interfaces.
[2023-07-20 17:44:35.206]  INFO 11088 --- [  restartedMain] .s.d.r.c.RepositoryConfigurationDelegate : Multiple Spring Data modules found, entering strict repository configuration mode
[2023-07-20 17:44:35.207]  INFO 11088 --- [  restartedMain] .s.d.r.c.RepositoryConfigurationDelegate : Bootstrapping Spring Data JPA repositories in DEFAULT mode.
[2023-07-20 17:44:35.245]  INFO 11088 --- [  restartedMain] .s.d.r.c.RepositoryConfigurationDelegate : Finished Spring Data repository scanning in 34 ms. Found 1 JPA repository interfaces.
[2023-07-20 17:44:35.991]  INFO 11088 --- [  restartedMain] o.s.b.w.e.t.TomcatWebServer              : Tomcat initialized with port(s): 8083 (http)
[2023-07-20 17:44:36.002]  INFO 11088 --- [  restartedMain] o.a.c.h.Http11NioProtocol                : Initializing ProtocolHandler ["http-nio-8083"]
[2023-07-20 17:44:36.003]  INFO 11088 --- [  restartedMain] o.a.c.c.StandardService                  : Starting service [Tomcat]
[2023-07-20 17:44:36.004]  INFO 11088 --- [  restartedMain] o.a.c.c.StandardEngine                   : Starting Servlet engine: [Apache Tomcat/9.0.75]
[2023-07-20 17:44:36.089]  INFO 11088 --- [  restartedMain] o.a.c.c.C.[.[.[/]                        : Initializing Spring embedded WebApplicationContext
[2023-07-20 17:44:36.089]  INFO 11088 --- [  restartedMain] w.s.c.ServletWebServerApplicationContext : Root WebApplicationContext: initialization completed in 1663 ms
[2023-07-20 17:44:36.198]  INFO 11088 --- [  restartedMain] c.z.h.HikariDataSource                   : HikariPool-1 - Starting...
[2023-07-20 17:44:36.460]  INFO 11088 --- [  restartedMain] c.z.h.p.HikariPool                       : HikariPool-1 - Added connection com.mysql.cj.jdbc.ConnectionImpl@61a93f24
[2023-07-20 17:44:36.463]  INFO 11088 --- [  restartedMain] c.z.h.HikariDataSource                   : HikariPool-1 - Start completed.
[2023-07-20 17:44:36.579]  INFO 11088 --- [  restartedMain] o.h.j.i.u.LogHelper                      : HHH000204: Processing PersistenceUnitInfo [name: default]
[2023-07-20 17:44:36.650]  INFO 11088 --- [  restartedMain] o.h.Version                              : HHH000412: Hibernate ORM core version 5.6.15.Final
[2023-07-20 17:44:36.821]  INFO 11088 --- [  restartedMain] o.h.a.c.Version                          : HCANN000001: Hibernate Commons Annotations {5.1.2.Final}
[2023-07-20 17:44:36.929]  INFO 11088 --- [  restartedMain] o.h.d.Dialect                            : HHH000400: Using dialect: org.hibernate.dialect.MySQL57Dialect
[2023-07-20 17:44:37.469]  INFO 11088 --- [  restartedMain] o.h.e.t.j.p.i.JtaPlatformInitiator       : HHH000490: Using JtaPlatform implementation: [org.hibernate.engine.transaction.jta.platform.internal.NoJtaPlatform]
[2023-07-20 17:44:37.476]  INFO 11088 --- [  restartedMain] j.LocalContainerEntityManagerFactoryBean : Initialized JPA EntityManagerFactory for persistence unit 'default'
[2023-07-20 17:44:38.192]  INFO 11088 --- [  restartedMain] o.s.s.w.DefaultSecurityFilterChain       : Will secure any request with [org.springframework.security.web.session.DisableEncodeUrlFilter@70278ce2, org.springframework.security.web.context.request.async.WebAsyncManagerIntegrationFilter@392df6eb, org.springframework.security.web.context.SecurityContextPersistenceFilter@1cd6eb6d, org.springframework.security.web.header.HeaderWriterFilter@68bfbcaf, org.springframework.security.web.authentication.logout.LogoutFilter@5431a2a3, org.springframework.security.web.authentication.UsernamePasswordAuthenticationFilter@54893fc3, org.springframework.security.web.savedrequest.RequestCacheAwareFilter@644e8115, org.springframework.security.web.servletapi.SecurityContextHolderAwareRequestFilter@33f8692f, org.springframework.security.web.authentication.AnonymousAuthenticationFilter@7723592d, org.springframework.security.web.session.SessionManagementFilter@33286654, org.springframework.security.web.access.ExceptionTranslationFilter@3bd841fe, org.springframework.security.web.access.intercept.AuthorizationFilter@597183d5]
[2023-07-20 17:44:38.192]  INFO 11088 --- [  restartedMain] o.s.s.w.DefaultSecurityFilterChain       : Will secure any request with [org.springframework.security.web.session.DisableEncodeUrlFilter@70278ce2, org.springframework.security.web.context.request.async.WebAsyncManagerIntegrationFilter@392df6eb, org.springframework.security.web.context.SecurityContextPersistenceFilter@1cd6eb6d, org.springframework.security.web.header.HeaderWriterFilter@68bfbcaf, org.springframework.security.web.authentication.logout.LogoutFilter@5431a2a3, org.springframework.security.web.authentication.UsernamePasswordAuthenticationFilter@54893fc3, org.springframework.security.web.savedrequest.RequestCacheAwareFilter@644e8115, org.springframework.security.web.servletapi.SecurityContextHolderAwareRequestFilter@33f8692f, org.springframework.security.web.authentication.AnonymousAuthenticationFilter@7723592d, org.springframework.security.web.session.SessionManagementFilter@33286654, org.springframework.security.web.access.ExceptionTranslationFilter@3bd841fe, org.springframework.security.web.access.intercept.AuthorizationFilter@597183d5]
[2023-07-20 17:44:38.255]  WARN 11088 --- [  restartedMain] JpaBaseConfiguration$JpaWebConfiguration : spring.jpa.open-in-view is enabled by default. Therefore, database queries may be performed during view rendering. Explicitly configure spring.jpa.open-in-view to disable this warning
[2023-07-20 17:44:38.927]  INFO 11088 --- [  restartedMain] o.s.b.d.a.OptionalLiveReloadServer       : LiveReload server is running on port 35729
[2023-07-20 17:44:38.938]  INFO 11088 --- [  restartedMain] o.a.c.h.Http11NioProtocol                : Starting ProtocolHandler ["http-nio-8083"]
[2023-07-20 17:44:38.958]  INFO 11088 --- [  restartedMain] o.s.b.w.e.t.TomcatWebServer              : Tomcat started on port(s): 8083 (http) with context path ''
[2023-07-20 17:44:38.967]  INFO 11088 --- [  restartedMain] c.e.d.DemoApplication                    : Started DemoApplication in 5.109 seconds (JVM running for 5.963)
[2023-07-20 17:44:38.967]  INFO 11088 --- [  restartedMain] c.e.d.DemoApplication                    : Started DemoApplication in 5.109 seconds (JVM running for 5.963)
[2023-07-20 17:44:47.042]  INFO 11088 --- [ionShutdownHook] j.LocalContainerEntityManagerFactoryBean : Closing JPA EntityManagerFactory for persistence unit 'default'
[2023-07-20 17:44:47.044]  INFO 11088 --- [ionShutdownHook] c.z.h.HikariDataSource                   : HikariPool-1 - Shutdown initiated...
[2023-07-20 17:44:47.052]  INFO 11088 --- [ionShutdownHook] c.z.h.HikariDataSource                   : HikariPool-1 - Shutdown completed.
